<?xml version="1.0" encoding="UTF-8"?>
<testsuite xmlns:xsi="http://www.w3.org/2001/XMLSchema-instance" xsi:noNamespaceSchemaLocation="https://maven.apache.org/surefire/maven-surefire-plugin/xsd/surefire-test-report.xsd" version="3.0.2" name="com.infnet.projeto.products.ProductsApplicationTests" time="5.694" tests="1" errors="0" skipped="0" failures="0">
  <properties>
[...]
</properties>
  <testcase name="contextLoads" classname="com.infnet.projeto.products.ProductsApplicationTests" time="0.003">
    <system-out><![CDATA[2026-01-07T15:42:49.099-03:00  INFO 27860 --- [products] [           main] t.c.s.AnnotationConfigContextLoaderUtils : Could not detect default configuration classes for test class [com.infnet.projeto.products.ProductsApplicationTests]: ProductsApplicationTests does not declare any static, non-private, non-final, nested classes annotated with @Configuration.
2026-01-07T15:42:49.113-03:00  INFO 27860 --- [products] [           main] .b.t.c.SpringBootTestContextBootstrapper : Found @SpringBootConfiguration com.infnet.projeto.products.ProductsApplication for test class com.infnet.projeto.products.ProductsApplicationTests
2026-01-07T15:42:49.129-03:00  INFO 27860 --- [products] [           main] o.s.b.d.r.RestartApplicationListener     : Restart disabled due to context in which it is running

  .   ____          _            __ _ _
 /\\ / ___'_ __ _ _(_)_ __  __ _ \ \ \ \
( ( )\___ | '_ | '_| | '_ \/ _` | \ \ \ \
 \\/  ___)| |_)| | | | | || (_| |  ) ) ) )
  '  |____| .__|_| |_|_| |_\__, | / / / /
 =========|_|==============|___/=/_/_/_/

 :: Spring Boot ::                (v3.5.9)

2026-01-07T15:42:49.154-03:00  INFO 27860 --- [products] [           main] c.i.p.products.ProductsApplicationTests  : Starting ProductsApplicationTests using Java 17.0.12 with PID 27860 (started by rianp in C:\Users\rianp\Documents\Trabalho\globo\RabbitMQ\products)
2026-01-07T15:42:49.154-03:00  INFO 27860 --- [products] [           main] c.i.p.products.ProductsApplicationTests  : No active profile set, falling back to 1 default profile: "default"
2026-01-07T15:42:49.683-03:00  INFO 27860 --- [products] [           main] .s.d.r.c.RepositoryConfigurationDelegate : Bootstrapping Spring Data JPA repositories in DEFAULT mode.
2026-01-07T15:42:49.802-03:00  INFO 27860 --- [products] [           main] .s.d.r.c.RepositoryConfigurationDelegate : Finished Spring Data repository scanning in 87 ms. Found 1 JPA repository interface.
2026-01-07T15:42:50.563-03:00  INFO 27860 --- [products] [           main] com.zaxxer.hikari.HikariDataSource       : HikariPool-1 - Starting...
2026-01-07T15:42:50.976-03:00  INFO 27860 --- [products] [           main] com.zaxxer.hikari.pool.HikariPool        : HikariPool-1 - Added connection org.postgresql.jdbc.PgConnection@6280829f
2026-01-07T15:42:50.993-03:00  INFO 27860 --- [products] [           main] com.zaxxer.hikari.HikariDataSource       : HikariPool-1 - Start completed.
2026-01-07T15:42:51.146-03:00  INFO 27860 --- [products] [           main] org.flywaydb.core.FlywayExecutor         : Database: jdbc:postgresql://localhost:5432/mydatabase (PostgreSQL 16.11)
2026-01-07T15:42:51.385-03:00  INFO 27860 --- [products] [           main] o.f.core.internal.command.DbValidate     : Successfully validated 2 migrations (execution time 00:00.133s)
2026-01-07T15:42:51.446-03:00  INFO 27860 --- [products] [           main] o.f.core.internal.command.DbMigrate      : Current version of schema "public": 2
2026-01-07T15:42:51.461-03:00  INFO 27860 --- [products] [           main] o.f.core.internal.command.DbMigrate      : Schema "public" is up to date. No migration necessary.
2026-01-07T15:42:51.848-03:00  INFO 27860 --- [products] [           main] o.hibernate.jpa.internal.util.LogHelper  : HHH000204: Processing PersistenceUnitInfo [name: default]
2026-01-07T15:42:52.154-03:00  INFO 27860 --- [products] [           main] org.hibernate.Version                    : HHH000412: Hibernate ORM core version 6.6.39.Final
2026-01-07T15:42:52.247-03:00  INFO 27860 --- [products] [           main] o.h.c.internal.RegionFactoryInitiator    : HHH000026: Second-level cache disabled
2026-01-07T15:42:52.632-03:00  INFO 27860 --- [products] [           main] o.s.o.j.p.SpringPersistenceUnitInfo      : No LoadTimeWeaver setup: ignoring JPA class transformer
2026-01-07T15:42:52.773-03:00  WARN 27860 --- [products] [           main] org.hibernate.orm.deprecation            : HHH90000025: PostgreSQLDialect does not need to be specified explicitly using 'hibernate.dialect' (remove the property setting and it will be selected by default)
2026-01-07T15:42:52.810-03:00  INFO 27860 --- [products] [           main] org.hibernate.orm.connections.pooling    : HHH10001005: Database info:
	Database JDBC URL [Connecting through datasource 'HikariDataSource (HikariPool-1)']
	Database driver: undefined/unknown
	Database version: 16.11
	Autocommit mode: undefined/unknown
	Isolation level: undefined/unknown
	Minimum pool size: undefined/unknown
	Maximum pool size: undefined/unknown
2026-01-07T15:42:53.988-03:00  INFO 27860 --- [products] [           main] o.h.e.t.j.p.i.JtaPlatformInitiator       : HHH000489: No JTA platform available (set 'hibernate.transaction.jta.platform' to enable JTA platform integration)
2026-01-07T15:42:54.058-03:00  INFO 27860 --- [products] [           main] j.LocalContainerEntityManagerFactoryBean : Initialized JPA EntityManagerFactory for persistence unit 'default'
2026-01-07T15:42:54.471-03:00  WARN 27860 --- [products] [           main] JpaBaseConfiguration$JpaWebConfiguration : spring.jpa.open-in-view is enabled by default. Therefore, database queries may be performed during view rendering. Explicitly configure spring.jpa.open-in-view to disable this warning
2026-01-07T15:42:54.783-03:00  INFO 27860 --- [products] [           main] c.i.p.products.ProductsApplicationTests  : Started ProductsApplicationTests in 5.654 seconds (process running for 13.646)
]]></system-out>
  </testcase>
</testsuite>